<?xml version="1.0" encoding="UTF-8"?>
<testng-results ignored="0" total="2" passed="2" failed="0" skipped="0">
  <reporter-output>
  </reporter-output>
  <suite started-at="2024-12-21T16:47:13 EST" name="Default suite" finished-at="2024-12-21T16:48:28 EST" duration-ms="75373">
    <groups>
      <group name="cucumber">
        <method signature="AbstractTestNGCucumberTests.runScenario(io.cucumber.testng.PickleWrapper, io.cucumber.testng.FeatureWrapper)[pri:0, instance:zoho.runner.MyRunner@4d0f2471]" name="runScenario" class="io.cucumber.testng.AbstractTestNGCucumberTests"/>
      </group> <!-- cucumber -->
    </groups>
    <test started-at="2024-12-21T16:47:13 EST" name="Default test" finished-at="2024-12-21T16:48:28 EST" duration-ms="75373">
      <class name="zoho.runner.MyRunner">
        <test-method is-config="true" signature="setUpClass()[pri:0, instance:zoho.runner.MyRunner@4d0f2471]" started-at="2024-12-21T16:47:13 EST" name="setUpClass" finished-at="2024-12-21T16:47:14 EST" duration-ms="839" status="PASS">
          <reporter-output>
          </reporter-output>
        </test-method> <!-- setUpClass -->
        <test-method signature="runScenario(io.cucumber.testng.PickleWrapper, io.cucumber.testng.FeatureWrapper)[pri:0, instance:zoho.runner.MyRunner@4d0f2471]" started-at="2024-12-21T16:47:14 EST" name="runScenario" description="Runs Cucumber Scenarios" data-provider="scenarios" finished-at="2024-12-21T16:47:55 EST" duration-ms="40970" status="PASS">
          <params>
            <param index="0">
              <value>
                <![CDATA["Creation of a Lead"]]>
              </value>
            </param>
            <param index="1">
              <value>
                <![CDATA["Optional[Managing Leads]"]]>
              </value>
            </param>
          </params>
          <reporter-output>
          </reporter-output>
        </test-method> <!-- runScenario -->
        <test-method signature="runScenario(io.cucumber.testng.PickleWrapper, io.cucumber.testng.FeatureWrapper)[pri:0, instance:zoho.runner.MyRunner@4d0f2471]" started-at="2024-12-21T16:47:55 EST" name="runScenario" description="Runs Cucumber Scenarios" data-provider="scenarios" finished-at="2024-12-21T16:48:28 EST" duration-ms="33300" status="PASS">
          <params>
            <param index="0">
              <value>
                <![CDATA["Deletion of a Lead"]]>
              </value>
            </param>
            <param index="1">
              <value>
                <![CDATA["Optional[Managing Leads]"]]>
              </value>
            </param>
          </params>
          <reporter-output>
          </reporter-output>
        </test-method> <!-- runScenario -->
        <test-method is-config="true" signature="tearDownClass()[pri:0, instance:zoho.runner.MyRunner@4d0f2471]" started-at="2024-12-21T16:48:28 EST" name="tearDownClass" finished-at="2024-12-21T16:48:28 EST" duration-ms="185" status="PASS">
          <reporter-output>
          </reporter-output>
        </test-method> <!-- tearDownClass -->
      </class> <!-- zoho.runner.MyRunner -->
    </test> <!-- Default test -->
  </suite> <!-- Default suite -->
</testng-results>
